Arguments: 
  /usr/local/Cellar/node/11.11.0/bin/node /usr/local/Cellar/yarn/1.15.2/libexec/bin/yarn.js add webpack-dev-server

PATH: 
  /Users/olivernelson/.rvm/gems/ruby-2.6.1/bin:/Users/olivernelson/.rvm/gems/ruby-2.6.1@global/bin:/Users/olivernelson/.rvm/rubies/ruby-2.6.1/bin:/Applications/Postgres.app/Contents/Versions/latest/bin:/usr/local:/usr/local/bin:/usr/local/sbin:/usr/bin:/usr/local/bin:/usr/bin:/bin:/usr/sbin:/sbin:/Users/olivernelson/google-cloud-sdk/bin:/Users/olivernelson/.rvm/gems/ruby-2.6.1/bin:/Users/olivernelson/.rvm/gems/ruby-2.6.1@global/bin:/Users/olivernelson/.rvm/rubies/ruby-2.6.1/bin:/Applications/Postgres.app/Contents/Versions/latest/bin:/usr/local:/usr/local/sbin:/Users/olivernelson/.rvm/bin

Yarn version: 
  1.15.2

Node version: 
  11.11.0

Platform: 
  darwin x64

Trace: 
  SyntaxError: /Users/olivernelson/Documents/Coding/movies/movie_moodies_frontend/package.json: Unexpected end of JSON input
      at JSON.parse (<anonymous>)
      at /usr/local/Cellar/yarn/1.15.2/libexec/lib/cli.js:1625:59
      at Generator.next (<anonymous>)
      at step (/usr/local/Cellar/yarn/1.15.2/libexec/lib/cli.js:304:30)
      at /usr/local/Cellar/yarn/1.15.2/libexec/lib/cli.js:315:13

npm manifest: 
  

yarn manifest: 
  No manifest

Lockfile: 
  # THIS IS AN AUTOGENERATED FILE. DO NOT EDIT THIS FILE DIRECTLY.
  # yarn lockfile v1
